\BOOKMARK [0][-]{chapter.1}{\376\377\000H\000i\000e\000r\000a\000r\000c\000h\000i\000c\000a\000l\000\040\000I\000n\000d\000e\000x}{}% 1
\BOOKMARK [1][-]{section.1.1}{\376\377\000C\000l\000a\000s\000s\000\040\000H\000i\000e\000r\000a\000r\000c\000h\000y}{chapter.1}% 2
\BOOKMARK [0][-]{chapter.2}{\376\377\000C\000l\000a\000s\000s\000\040\000I\000n\000d\000e\000x}{}% 3
\BOOKMARK [1][-]{section.2.1}{\376\377\000C\000l\000a\000s\000s\000\040\000L\000i\000s\000t}{chapter.2}% 4
\BOOKMARK [0][-]{chapter.3}{\376\377\000F\000i\000l\000e\000\040\000I\000n\000d\000e\000x}{}% 5
\BOOKMARK [1][-]{section.3.1}{\376\377\000F\000i\000l\000e\000\040\000L\000i\000s\000t}{chapter.3}% 6
\BOOKMARK [0][-]{chapter.4}{\376\377\000C\000l\000a\000s\000s\000\040\000D\000o\000c\000u\000m\000e\000n\000t\000a\000t\000i\000o\000n}{}% 7
\BOOKMARK [1][-]{section.4.1}{\376\377\000A\000P\000D\000F\000A\000n\000n\000o\000t\000a\000t\000i\000o\000n\000\040\000C\000l\000a\000s\000s\000\040\000R\000e\000f\000e\000r\000e\000n\000c\000e}{chapter.4}% 8
\BOOKMARK [2][-]{subsection.4.1.1}{\376\377\000D\000e\000t\000a\000i\000l\000e\000d\000\040\000D\000e\000s\000c\000r\000i\000p\000t\000i\000o\000n}{section.4.1}% 9
\BOOKMARK [2][-]{subsection.4.1.2}{\376\377\000M\000e\000t\000h\000o\000d\000\040\000D\000o\000c\000u\000m\000e\000n\000t\000a\000t\000i\000o\000n}{section.4.1}% 10
\BOOKMARK [3][-]{subsubsection.4.1.2.1}{\376\377\000i\000n\000i\000t\000W\000i\000t\000h\000P\000D\000F\000D\000i\000c\000t\000i\000o\000n\000a\000r\000y\000:\000a\000n\000d\000T\000y\000p\000e\000:}{subsection.4.1.2}% 11
\BOOKMARK [2][-]{subsection.4.1.3}{\376\377\000P\000r\000o\000p\000e\000r\000t\000y\000\040\000D\000o\000c\000u\000m\000e\000n\000t\000a\000t\000i\000o\000n}{section.4.1}% 12
\BOOKMARK [3][-]{subsubsection.4.1.3.1}{\376\377\000a\000n\000n\000o\000t\000a\000t\000i\000o\000n\000T\000y\000p\000e}{subsection.4.1.3}% 13
\BOOKMARK [3][-]{subsubsection.4.1.3.2}{\376\377\000a\000n\000n\000o\000t\000a\000t\000i\000o\000n\000V\000i\000e\000w}{subsection.4.1.3}% 14
\BOOKMARK [3][-]{subsubsection.4.1.3.3}{\376\377\000a\000n\000n\000o\000t\000C\000o\000l\000o\000r}{subsection.4.1.3}% 15
\BOOKMARK [3][-]{subsubsection.4.1.3.4}{\376\377\000b\000o\000r\000d\000e\000r\000W\000i\000d\000t\000h}{subsection.4.1.3}% 16
\BOOKMARK [3][-]{subsubsection.4.1.3.5}{\376\377\000f\000o\000n\000t}{subsection.4.1.3}% 17
\BOOKMARK [3][-]{subsubsection.4.1.3.6}{\376\377\000t\000e\000x\000t\000A\000l\000i\000g\000n\000m\000e\000n\000t}{subsection.4.1.3}% 18
\BOOKMARK [3][-]{subsubsection.4.1.3.7}{\376\377\000t\000e\000x\000t\000C\000o\000l\000o\000r}{subsection.4.1.3}% 19
\BOOKMARK [3][-]{subsubsection.4.1.3.8}{\376\377\000t\000e\000x\000t\000S\000t\000r\000i\000n\000g}{subsection.4.1.3}% 20
\BOOKMARK [1][-]{section.4.2}{\376\377\000A\000P\000D\000F\000A\000n\000n\000o\000t\000a\000t\000i\000o\000n\000s\000V\000C\000\040\000C\000l\000a\000s\000s\000\040\000R\000e\000f\000e\000r\000e\000n\000c\000e}{chapter.4}% 21
\BOOKMARK [2][-]{subsection.4.2.1}{\376\377\000D\000e\000t\000a\000i\000l\000e\000d\000\040\000D\000e\000s\000c\000r\000i\000p\000t\000i\000o\000n}{section.4.2}% 22
\BOOKMARK [2][-]{subsection.4.2.2}{\376\377\000M\000e\000t\000h\000o\000d\000\040\000D\000o\000c\000u\000m\000e\000n\000t\000a\000t\000i\000o\000n}{section.4.2}% 23
\BOOKMARK [3][-]{subsubsection.4.2.2.1}{\376\377\000i\000n\000i\000t\000W\000i\000t\000h\000A\000n\000n\000o\000t\000a\000t\000i\000o\000n\000s\000:}{subsection.4.2.2}% 24
\BOOKMARK [2][-]{subsection.4.2.3}{\376\377\000P\000r\000o\000p\000e\000r\000t\000y\000\040\000D\000o\000c\000u\000m\000e\000n\000t\000a\000t\000i\000o\000n}{section.4.2}% 25
\BOOKMARK [3][-]{subsubsection.4.2.3.1}{\376\377\000a\000n\000n\000o\000t\000a\000t\000i\000o\000n\000s}{subsection.4.2.3}% 26
\BOOKMARK [1][-]{section.4.3}{\376\377\000A\000P\000D\000F\000A\000p\000p\000D\000e\000l\000e\000g\000a\000t\000e\000\040\000C\000l\000a\000s\000s\000\040\000R\000e\000f\000e\000r\000e\000n\000c\000e}{chapter.4}% 27
\BOOKMARK [2][-]{subsection.4.3.1}{\376\377\000P\000r\000o\000p\000e\000r\000t\000y\000\040\000D\000o\000c\000u\000m\000e\000n\000t\000a\000t\000i\000o\000n}{section.4.3}% 28
\BOOKMARK [3][-]{subsubsection.4.3.1.1}{\376\377\000w\000i\000n\000d\000o\000w}{subsection.4.3.1}% 29
\BOOKMARK [1][-]{section.4.4}{\376\377\000A\000P\000D\000F\000D\000e\000t\000a\000i\000l\000V\000i\000e\000w\000C\000o\000n\000t\000r\000o\000l\000l\000e\000r\000\040\000C\000l\000a\000s\000s\000\040\000R\000e\000f\000e\000r\000e\000n\000c\000e}{chapter.4}% 30
\BOOKMARK [2][-]{subsection.4.4.1}{\376\377\000D\000e\000t\000a\000i\000l\000e\000d\000\040\000D\000e\000s\000c\000r\000i\000p\000t\000i\000o\000n}{section.4.4}% 31
\BOOKMARK [2][-]{subsection.4.4.2}{\376\377\000M\000e\000t\000h\000o\000d\000\040\000D\000o\000c\000u\000m\000e\000n\000t\000a\000t\000i\000o\000n}{section.4.4}% 32
\BOOKMARK [3][-]{subsubsection.4.4.2.1}{\376\377\000g\000e\000t\000D\000o\000c}{subsection.4.4.2}% 33
\BOOKMARK [3][-]{subsubsection.4.4.2.2}{\376\377\000i\000n\000i\000t\000i\000a\000l\000i\000z\000e\000N\000e\000w\000A\000n\000n\000o\000t\000s\000V\000a\000l\000u\000e\000s}{subsection.4.4.2}% 34
\BOOKMARK [3][-]{subsubsection.4.4.2.3}{\376\377\000r\000e\000l\000o\000a\000d\000A\000n\000n\000o\000t\000a\000t\000i\000o\000n\000s\000V\000C}{subsection.4.4.2}% 35
\BOOKMARK [3][-]{subsubsection.4.4.2.4}{\376\377\000s\000h\000o\000w\000A\000n\000n\000o\000t\000a\000t\000i\000o\000n\000s\000V\000C}{subsection.4.4.2}% 36
\BOOKMARK [3][-]{subsubsection.4.4.2.5}{\376\377\000s\000h\000o\000w\000N\000e\000w\000A\000n\000n\000o\000t\000a\000t\000i\000o\000n\000s\000V\000C\000:}{subsection.4.4.2}% 37
\BOOKMARK [3][-]{subsubsection.4.4.2.6}{\376\377\000u\000p\000d\000a\000t\000e\000T\000i\000t\000l\000e}{subsection.4.4.2}% 38
\BOOKMARK [2][-]{subsection.4.4.3}{\376\377\000M\000e\000m\000b\000e\000r\000\040\000D\000a\000t\000a\000\040\000D\000o\000c\000u\000m\000e\000n\000t\000a\000t\000i\000o\000n}{section.4.4}% 39
\BOOKMARK [3][-]{subsubsection.4.4.3.1}{\376\377\000d\000o\000c}{subsection.4.4.3}% 40
\BOOKMARK [3][-]{subsubsection.4.4.3.2}{\376\377\000p\000d\000f\000P\000a\000t\000h}{subsection.4.4.3}% 41
\BOOKMARK [2][-]{subsection.4.4.4}{\376\377\000P\000r\000o\000p\000e\000r\000t\000y\000\040\000D\000o\000c\000u\000m\000e\000n\000t\000a\000t\000i\000o\000n}{section.4.4}% 42
\BOOKMARK [3][-]{subsubsection.4.4.4.1}{\376\377\000a\000n\000n\000o\000t\000C\000o\000l\000o\000r}{subsection.4.4.4}% 43
\BOOKMARK [3][-]{subsubsection.4.4.4.2}{\376\377\000a\000n\000n\000o\000t\000T\000y\000p\000e}{subsection.4.4.4}% 44
\BOOKMARK [3][-]{subsubsection.4.4.4.3}{\376\377\000b\000o\000r\000d\000e\000r\000W\000i\000d\000t\000h}{subsection.4.4.4}% 45
\BOOKMARK [3][-]{subsubsection.4.4.4.4}{\376\377\000c\000u\000r\000r\000e\000n\000t\000P\000a\000g\000e}{subsection.4.4.4}% 46
\BOOKMARK [3][-]{subsubsection.4.4.4.5}{\376\377\000d\000e\000t\000a\000i\000l\000I\000t\000e\000m}{subsection.4.4.4}% 47
\BOOKMARK [3][-]{subsubsection.4.4.4.6}{\376\377\000m\000a\000x\000P\000a\000g\000e\000s}{subsection.4.4.4}% 48
\BOOKMARK [3][-]{subsubsection.4.4.4.7}{\376\377\000m\000y\000D\000o\000c\000u\000m\000e\000n\000t\000R\000e\000f}{subsection.4.4.4}% 49
\BOOKMARK [3][-]{subsubsection.4.4.4.8}{\376\377\000n\000A\000n\000n\000o\000t\000s\000P\000o\000p\000o\000v\000e\000r}{subsection.4.4.4}% 50
\BOOKMARK [3][-]{subsubsection.4.4.4.9}{\376\377\000p\000d\000f\000N\000a\000m\000e}{subsection.4.4.4}% 51
\BOOKMARK [3][-]{subsubsection.4.4.4.10}{\376\377\000p\000d\000f\000V\000i\000e\000w}{subsection.4.4.4}% 52
\BOOKMARK [3][-]{subsubsection.4.4.4.11}{\376\377\000t\000e\000m\000p\000o\000r\000a\000r\000y\000F\000i\000l\000e\000P\000a\000t\000h}{subsection.4.4.4}% 53
\BOOKMARK [3][-]{subsubsection.4.4.4.12}{\376\377\000w\000i\000t\000h\000B\000o\000r\000d\000e\000r}{subsection.4.4.4}% 54
\BOOKMARK [1][-]{section.4.5}{\376\377\000A\000P\000D\000F\000D\000e\000t\000a\000i\000l\000V\000i\000e\000w\000C\000o\000n\000t\000r\000o\000l\000l\000e\000r\000\050\000\051\000\040\000C\000a\000t\000e\000g\000o\000r\000y\000\040\000R\000e\000f\000e\000r\000e\000n\000c\000e}{chapter.4}% 55
\BOOKMARK [2][-]{subsection.4.5.1}{\376\377\000M\000e\000t\000h\000o\000d\000\040\000D\000o\000c\000u\000m\000e\000n\000t\000a\000t\000i\000o\000n}{section.4.5}% 56
\BOOKMARK [3][-]{subsubsection.4.5.1.1}{\376\377\000c\000o\000n\000f\000i\000g\000u\000r\000e\000V\000i\000e\000w}{subsection.4.5.1}% 57
\BOOKMARK [2][-]{subsection.4.5.2}{\376\377\000P\000r\000o\000p\000e\000r\000t\000y\000\040\000D\000o\000c\000u\000m\000e\000n\000t\000a\000t\000i\000o\000n}{section.4.5}% 58
\BOOKMARK [3][-]{subsubsection.4.5.2.1}{\376\377\000m\000a\000s\000t\000e\000r\000P\000o\000p\000o\000v\000e\000r\000C\000o\000n\000t\000r\000o\000l\000l\000e\000r}{subsection.4.5.2}% 59
\BOOKMARK [1][-]{section.4.6}{\376\377\000A\000P\000D\000F\000M\000a\000n\000a\000g\000e\000r\000\040\000C\000l\000a\000s\000s\000\040\000R\000e\000f\000e\000r\000e\000n\000c\000e}{chapter.4}% 60
\BOOKMARK [2][-]{subsection.4.6.1}{\376\377\000D\000e\000t\000a\000i\000l\000e\000d\000\040\000D\000e\000s\000c\000r\000i\000p\000t\000i\000o\000n}{section.4.6}% 61
\BOOKMARK [2][-]{subsection.4.6.2}{\376\377\000M\000e\000t\000h\000o\000d\000\040\000D\000o\000c\000u\000m\000e\000n\000t\000a\000t\000i\000o\000n}{section.4.6}% 62
\BOOKMARK [3][-]{subsubsection.4.6.2.1}{\376\377\000c\000r\000e\000a\000t\000e\000C\000o\000p\000y\000F\000o\000r\000F\000i\000l\000e\000:}{subsection.4.6.2}% 63
\BOOKMARK [3][-]{subsubsection.4.6.2.2}{\376\377\000c\000r\000e\000a\000t\000e\000F\000r\000e\000e\000T\000e\000x\000t\000A\000n\000n\000o\000t\000a\000t\000i\000o\000n\000O\000n\000P\000a\000g\000e\000:\000d\000o\000c\000:\000r\000e\000c\000t\000:\000b\000o\000r\000d\000e\000r\000W\000i\000d\000t\000h\000:\000t\000i\000t\000l\000e\000:\000c\000o\000n\000t\000e\000n\000t\000:\000b\000O\000p\000e\000n\000:\000c\000o\000l\000o\000r\000:}{subsection.4.6.2}% 64
\BOOKMARK [3][-]{subsubsection.4.6.2.3}{\376\377\000c\000r\000e\000a\000t\000e\000P\000d\000f\000F\000o\000r\000F\000i\000l\000e\000A\000t\000P\000a\000t\000h\000:}{subsection.4.6.2}% 65
\BOOKMARK [3][-]{subsubsection.4.6.2.4}{\376\377\000c\000r\000e\000a\000t\000e\000S\000q\000u\000a\000r\000e\000A\000n\000n\000o\000t\000a\000t\000i\000o\000n\000O\000n\000P\000a\000g\000e\000:\000d\000o\000c\000:\000r\000e\000c\000t\000:\000b\000o\000r\000d\000e\000r\000W\000i\000d\000t\000h\000:\000t\000i\000t\000l\000e\000:\000b\000O\000p\000e\000n\000:\000c\000o\000l\000o\000r\000:}{subsection.4.6.2}% 66
\BOOKMARK [3][-]{subsubsection.4.6.2.5}{\376\377\000d\000e\000l\000e\000t\000e\000A\000n\000n\000o\000t\000a\000t\000i\000o\000n\000W\000i\000t\000h\000I\000n\000d\000e\000x\000:\000o\000n\000P\000a\000g\000e\000:\000o\000f\000D\000o\000c\000:}{subsection.4.6.2}% 67
\BOOKMARK [3][-]{subsubsection.4.6.2.6}{\376\377\000g\000e\000t\000A\000n\000n\000o\000t\000a\000t\000i\000o\000n\000s\000A\000r\000r\000a\000y\000F\000o\000r\000P\000a\000g\000e\000:}{subsection.4.6.2}% 68
\BOOKMARK [3][-]{subsubsection.4.6.2.7}{\376\377\000g\000e\000t\000P\000d\000f\000P\000a\000t\000h\000s\000O\000f\000A\000r\000r\000a\000y\000:}{subsection.4.6.2}% 69
\BOOKMARK [3][-]{subsubsection.4.6.2.8}{\376\377\000w\000r\000i\000t\000e\000P\000d\000f\000:\000t\000o\000P\000a\000t\000h\000:\000w\000i\000t\000h\000T\000e\000m\000p\000o\000r\000a\000r\000y\000F\000i\000l\000e\000P\000a\000t\000h\000:}{subsection.4.6.2}% 70
\BOOKMARK [1][-]{section.4.7}{\376\377\000A\000P\000D\000F\000M\000a\000s\000t\000e\000r\000V\000i\000e\000w\000C\000o\000n\000t\000r\000o\000l\000l\000e\000r\000\040\000C\000l\000a\000s\000s\000\040\000R\000e\000f\000e\000r\000e\000n\000c\000e}{chapter.4}% 71
\BOOKMARK [2][-]{subsection.4.7.1}{\376\377\000D\000e\000t\000a\000i\000l\000e\000d\000\040\000D\000e\000s\000c\000r\000i\000p\000t\000i\000o\000n}{section.4.7}% 72
\BOOKMARK [2][-]{subsection.4.7.2}{\376\377\000M\000e\000t\000h\000o\000d\000\040\000D\000o\000c\000u\000m\000e\000n\000t\000a\000t\000i\000o\000n}{section.4.7}% 73
\BOOKMARK [3][-]{subsubsection.4.7.2.1}{\376\377\000c\000o\000n\000t\000e\000n\000t\000s\000C\000h\000a\000n\000g\000e\000d\000:}{subsection.4.7.2}% 74
\BOOKMARK [2][-]{subsection.4.7.3}{\376\377\000P\000r\000o\000p\000e\000r\000t\000y\000\040\000D\000o\000c\000u\000m\000e\000n\000t\000a\000t\000i\000o\000n}{section.4.7}% 75
\BOOKMARK [3][-]{subsubsection.4.7.3.1}{\376\377\000d\000e\000t\000a\000i\000l\000V\000i\000e\000w\000C\000o\000n\000t\000r\000o\000l\000l\000e\000r}{subsection.4.7.3}% 76
\BOOKMARK [3][-]{subsubsection.4.7.3.2}{\376\377\000h\000e\000l\000p\000e\000r}{subsection.4.7.3}% 77
\BOOKMARK [3][-]{subsubsection.4.7.3.3}{\376\377\000p\000a\000t\000h\000s\000A\000r\000r\000a\000y}{subsection.4.7.3}% 78
\BOOKMARK [1][-]{section.4.8}{\376\377\000A\000P\000D\000F\000N\000e\000w\000A\000n\000n\000o\000t\000a\000t\000i\000o\000n\000V\000C\000\040\000C\000l\000a\000s\000s\000\040\000R\000e\000f\000e\000r\000e\000n\000c\000e}{chapter.4}% 79
\BOOKMARK [2][-]{subsection.4.8.1}{\376\377\000D\000e\000t\000a\000i\000l\000e\000d\000\040\000D\000e\000s\000c\000r\000i\000p\000t\000i\000o\000n}{section.4.8}% 80
\BOOKMARK [2][-]{subsection.4.8.2}{\376\377\000M\000e\000t\000h\000o\000d\000\040\000D\000o\000c\000u\000m\000e\000n\000t\000a\000t\000i\000o\000n}{section.4.8}% 81
\BOOKMARK [3][-]{subsubsection.4.8.2.1}{\376\377\000b\000o\000r\000d\000e\000r\000S\000w\000i\000t\000c\000h\000C\000h\000a\000n\000g\000e\000d\000:}{subsection.4.8.2}% 82
\BOOKMARK [3][-]{subsubsection.4.8.2.2}{\376\377\000c\000o\000l\000o\000r\000S\000e\000l\000e\000c\000t\000e\000d\000:}{subsection.4.8.2}% 83
\BOOKMARK [3][-]{subsubsection.4.8.2.3}{\376\377\000i\000n\000i\000t\000U\000I\000E\000l\000e\000m\000e\000n\000t\000s}{subsection.4.8.2}% 84
\BOOKMARK [3][-]{subsubsection.4.8.2.4}{\376\377\000s\000e\000l\000e\000c\000t\000e\000d\000S\000e\000g\000m\000e\000n\000t\000C\000h\000a\000n\000g\000e\000d\000:}{subsection.4.8.2}% 85
\BOOKMARK [2][-]{subsection.4.8.3}{\376\377\000P\000r\000o\000p\000e\000r\000t\000y\000\040\000D\000o\000c\000u\000m\000e\000n\000t\000a\000t\000i\000o\000n}{section.4.8}% 86
\BOOKMARK [3][-]{subsubsection.4.8.3.1}{\376\377\000a\000n\000n\000o\000t\000C\000o\000l\000o\000r}{subsection.4.8.3}% 87
\BOOKMARK [3][-]{subsubsection.4.8.3.2}{\376\377\000a\000n\000n\000o\000t\000T\000y\000p\000e}{subsection.4.8.3}% 88
\BOOKMARK [3][-]{subsubsection.4.8.3.3}{\376\377\000b\000o\000r\000d\000e\000r\000S\000w\000i\000t\000c\000h}{subsection.4.8.3}% 89
\BOOKMARK [3][-]{subsubsection.4.8.3.4}{\376\377\000b\000o\000r\000d\000e\000r\000S\000w\000i\000t\000c\000h\000C\000e\000l\000l}{subsection.4.8.3}% 90
\BOOKMARK [3][-]{subsubsection.4.8.3.5}{\376\377\000b\000o\000r\000d\000e\000r\000W\000i\000d\000t\000h}{subsection.4.8.3}% 91
\BOOKMARK [3][-]{subsubsection.4.8.3.6}{\376\377\000b\000o\000r\000d\000e\000r\000W\000i\000d\000t\000h\000C\000e\000l\000l}{subsection.4.8.3}% 92
\BOOKMARK [3][-]{subsubsection.4.8.3.7}{\376\377\000b\000o\000r\000d\000e\000r\000W\000i\000d\000t\000h\000T\000e\000x\000t\000F\000i\000e\000l\000d}{subsection.4.8.3}% 93
\BOOKMARK [3][-]{subsubsection.4.8.3.8}{\376\377\000c\000o\000l\000o\000r\000C\000e\000l\000l}{subsection.4.8.3}% 94
\BOOKMARK [3][-]{subsubsection.4.8.3.9}{\376\377\000s\000e\000g\000m\000e\000n\000t\000e\000d\000C\000o\000n\000t\000r\000o\000l}{subsection.4.8.3}% 95
\BOOKMARK [3][-]{subsubsection.4.8.3.10}{\376\377\000w\000i\000t\000h\000B\000o\000r\000d\000e\000r}{subsection.4.8.3}% 96
\BOOKMARK [1][-]{section.4.9}{\376\377\000A\000P\000D\000F\000V\000i\000e\000w\000\040\000C\000l\000a\000s\000s\000\040\000R\000e\000f\000e\000r\000e\000n\000c\000e}{chapter.4}% 97
\BOOKMARK [2][-]{subsection.4.9.1}{\376\377\000D\000e\000t\000a\000i\000l\000e\000d\000\040\000D\000e\000s\000c\000r\000i\000p\000t\000i\000o\000n}{section.4.9}% 98
\BOOKMARK [2][-]{subsection.4.9.2}{\376\377\000M\000e\000t\000h\000o\000d\000\040\000D\000o\000c\000u\000m\000e\000n\000t\000a\000t\000i\000o\000n}{section.4.9}% 99
\BOOKMARK [3][-]{subsubsection.4.9.2.1}{\376\377\000c\000a\000l\000c\000u\000l\000a\000t\000e\000T\000o\000u\000c\000h\000Z\000o\000n\000e\000s}{subsection.4.9.2}% 100
\BOOKMARK [3][-]{subsubsection.4.9.2.2}{\376\377\000d\000i\000s\000p\000l\000a\000y\000P\000D\000F\000P\000a\000g\000e\000N\000u\000m\000b\000e\000r\000:}{subsection.4.9.2}% 101
\BOOKMARK [3][-]{subsubsection.4.9.2.3}{\376\377\000f\000r\000a\000m\000e\000I\000n\000P\000d\000f\000F\000o\000r\000V\000i\000e\000w\000:}{subsection.4.9.2}% 102
\BOOKMARK [3][-]{subsubsection.4.9.2.4}{\376\377\000l\000o\000c\000a\000t\000i\000o\000n\000I\000n\000P\000d\000f\000V\000i\000e\000w\000:}{subsection.4.9.2}% 103
\BOOKMARK [3][-]{subsubsection.4.9.2.5}{\376\377\000r\000e\000l\000o\000a\000d\000P\000d\000f}{subsection.4.9.2}% 104
\BOOKMARK [2][-]{subsection.4.9.3}{\376\377\000M\000e\000m\000b\000e\000r\000\040\000D\000a\000t\000a\000\040\000D\000o\000c\000u\000m\000e\000n\000t\000a\000t\000i\000o\000n}{section.4.9}% 105
\BOOKMARK [3][-]{subsubsection.4.9.3.1}{\376\377\000a\000n\000n\000o\000t\000T\000e\000x\000t\000V\000i\000e\000w}{subsection.4.9.3}% 106
\BOOKMARK [3][-]{subsubsection.4.9.3.2}{\376\377\000d\000e\000t\000a\000i\000l\000V\000C}{subsection.4.9.3}% 107
\BOOKMARK [3][-]{subsubsection.4.9.3.3}{\376\377\000n\000A\000n\000n\000o\000t\000S\000t\000a\000r\000t\000P\000o\000i\000n\000t}{subsection.4.9.3}% 108
\BOOKMARK [3][-]{subsubsection.4.9.3.4}{\376\377\000p\000o\000i\000n\000t}{subsection.4.9.3}% 109
\BOOKMARK [2][-]{subsection.4.9.4}{\376\377\000P\000r\000o\000p\000e\000r\000t\000y\000\040\000D\000o\000c\000u\000m\000e\000n\000t\000a\000t\000i\000o\000n}{section.4.9}% 110
\BOOKMARK [3][-]{subsubsection.4.9.4.1}{\376\377\000c\000u\000r\000r\000e\000n\000t\000P\000a\000g\000e}{subsection.4.9.4}% 111
\BOOKMARK [3][-]{subsubsection.4.9.4.2}{\376\377\000d\000e\000l\000e\000g\000a\000t\000e}{subsection.4.9.4}% 112
\BOOKMARK [3][-]{subsubsection.4.9.4.3}{\376\377\000m\000y\000D\000o\000c\000u\000m\000e\000n\000t\000R\000e\000f}{subsection.4.9.4}% 113
\BOOKMARK [3][-]{subsubsection.4.9.4.4}{\376\377\000n\000e\000x\000t\000P\000a\000g\000e\000R\000e\000c\000t}{subsection.4.9.4}% 114
\BOOKMARK [3][-]{subsubsection.4.9.4.5}{\376\377\000p\000d\000f\000P\000a\000g\000e}{subsection.4.9.4}% 115
\BOOKMARK [3][-]{subsubsection.4.9.4.6}{\376\377\000p\000d\000f\000P\000a\000t\000h}{subsection.4.9.4}% 116
\BOOKMARK [3][-]{subsubsection.4.9.4.7}{\376\377\000p\000d\000f\000S\000c\000a\000l\000e}{subsection.4.9.4}% 117
\BOOKMARK [3][-]{subsubsection.4.9.4.8}{\376\377\000p\000r\000e\000v\000P\000a\000g\000e\000R\000e\000c\000t}{subsection.4.9.4}% 118
\BOOKMARK [1][-]{section.4.10}{\376\377\000<\000A\000P\000D\000F\000V\000i\000e\000w\000D\000e\000l\000e\000g\000a\000t\000e\000>\000\040\000P\000r\000o\000t\000o\000c\000o\000l\000\040\000R\000e\000f\000e\000r\000e\000n\000c\000e}{chapter.4}% 119
\BOOKMARK [2][-]{subsection.4.10.1}{\376\377\000D\000e\000t\000a\000i\000l\000e\000d\000\040\000D\000e\000s\000c\000r\000i\000p\000t\000i\000o\000n}{section.4.10}% 120
\BOOKMARK [2][-]{subsection.4.10.2}{\376\377\000M\000e\000t\000h\000o\000d\000\040\000D\000o\000c\000u\000m\000e\000n\000t\000a\000t\000i\000o\000n}{section.4.10}% 121
\BOOKMARK [3][-]{subsubsection.4.10.2.1}{\376\377\000d\000i\000d\000T\000o\000u\000c\000h\000N\000e\000x\000t\000P\000a\000g\000e}{subsection.4.10.2}% 122
\BOOKMARK [3][-]{subsubsection.4.10.2.2}{\376\377\000d\000i\000d\000T\000o\000u\000c\000h\000P\000r\000e\000v\000P\000a\000g\000e}{subsection.4.10.2}% 123
\BOOKMARK [1][-]{section.4.11}{\376\377\000D\000o\000c\000W\000a\000t\000c\000h\000H\000e\000l\000p\000e\000r\000\040\000C\000l\000a\000s\000s\000\040\000R\000e\000f\000e\000r\000e\000n\000c\000e}{chapter.4}% 124
\BOOKMARK [2][-]{subsection.4.11.1}{\376\377\000D\000e\000t\000a\000i\000l\000e\000d\000\040\000D\000e\000s\000c\000r\000i\000p\000t\000i\000o\000n}{section.4.11}% 125
\BOOKMARK [2][-]{subsection.4.11.2}{\376\377\000M\000e\000t\000h\000o\000d\000\040\000D\000o\000c\000u\000m\000e\000n\000t\000a\000t\000i\000o\000n}{section.4.11}% 126
\BOOKMARK [3][-]{subsubsection.4.11.2.1}{\376\377\000w\000a\000t\000c\000h\000e\000r\000F\000o\000r\000P\000a\000t\000h\000:}{subsection.4.11.2}% 127
\BOOKMARK [2][-]{subsection.4.11.3}{\376\377\000M\000e\000m\000b\000e\000r\000\040\000D\000a\000t\000a\000\040\000D\000o\000c\000u\000m\000e\000n\000t\000a\000t\000i\000o\000n}{section.4.11}% 128
\BOOKMARK [3][-]{subsubsection.4.11.3.1}{\376\377\000k\000q\000r\000e\000f}{subsection.4.11.3}% 129
\BOOKMARK [3][-]{subsubsection.4.11.3.2}{\376\377\000r\000l\000s}{subsection.4.11.3}% 130
\BOOKMARK [2][-]{subsection.4.11.4}{\376\377\000P\000r\000o\000p\000e\000r\000t\000y\000\040\000D\000o\000c\000u\000m\000e\000n\000t\000a\000t\000i\000o\000n}{section.4.11}% 131
\BOOKMARK [3][-]{subsubsection.4.11.4.1}{\376\377\000p\000a\000t\000h}{subsection.4.11.4}% 132
\BOOKMARK [1][-]{section.4.12}{\376\377\000P\000D\000F\000P\000a\000g\000e\000R\000e\000n\000d\000e\000r\000e\000r\000\040\000C\000l\000a\000s\000s\000\040\000R\000e\000f\000e\000r\000e\000n\000c\000e}{chapter.4}% 133
\BOOKMARK [2][-]{subsection.4.12.1}{\376\377\000D\000e\000t\000a\000i\000l\000e\000d\000\040\000D\000e\000s\000c\000r\000i\000p\000t\000i\000o\000n}{section.4.12}% 134
\BOOKMARK [2][-]{subsection.4.12.2}{\376\377\000M\000e\000t\000h\000o\000d\000\040\000D\000o\000c\000u\000m\000e\000n\000t\000a\000t\000i\000o\000n}{section.4.12}% 135
\BOOKMARK [3][-]{subsubsection.4.12.2.1}{\376\377\000r\000e\000n\000d\000e\000r\000A\000n\000n\000o\000t\000a\000t\000i\000o\000n\000s\000F\000o\000r\000P\000a\000g\000e\000:\000i\000n\000C\000o\000n\000t\000e\000x\000t\000:}{subsection.4.12.2}% 136
\BOOKMARK [3][-]{subsubsection.4.12.2.2}{\376\377\000r\000e\000n\000d\000e\000r\000P\000a\000g\000e\000:\000i\000n\000C\000o\000n\000t\000e\000x\000t\000:\000a\000t\000P\000o\000i\000n\000t\000:\000w\000i\000t\000h\000Z\000o\000o\000m\000:}{subsection.4.12.2}% 137
\BOOKMARK [1][-]{section.4.13}{\376\377\000R\000e\000s\000i\000z\000a\000b\000l\000e\000T\000e\000x\000t\000V\000i\000e\000w\000\040\000C\000l\000a\000s\000s\000\040\000R\000e\000f\000e\000r\000e\000n\000c\000e}{chapter.4}% 138
\BOOKMARK [2][-]{subsection.4.13.1}{\376\377\000D\000e\000t\000a\000i\000l\000e\000d\000\040\000D\000e\000s\000c\000r\000i\000p\000t\000i\000o\000n}{section.4.13}% 139
\BOOKMARK [0][-]{chapter.5}{\376\377\000F\000i\000l\000e\000\040\000D\000o\000c\000u\000m\000e\000n\000t\000a\000t\000i\000o\000n}{}% 140
\BOOKMARK [1][-]{section.5.1}{\376\377\000A\000n\000n\000o\000t\000a\000t\000e\000P\000D\000F\000/\000A\000P\000D\000F\000A\000n\000n\000o\000t\000a\000t\000i\000o\000n\000.\000h\000\040\000F\000i\000l\000e\000\040\000R\000e\000f\000e\000r\000e\000n\000c\000e}{chapter.5}% 141
\BOOKMARK [2][-]{subsection.5.1.1}{\376\377\000M\000a\000c\000r\000o\000\040\000D\000e\000f\000i\000n\000i\000t\000i\000o\000n\000\040\000D\000o\000c\000u\000m\000e\000n\000t\000a\000t\000i\000o\000n}{section.5.1}% 142
\BOOKMARK [3][-]{subsubsection.5.1.1.1}{\376\377\000A\000N\000N\000O\000T\000\137\000F\000R\000E\000E\000\137\000T\000E\000X\000T}{subsection.5.1.1}% 143
\BOOKMARK [3][-]{subsubsection.5.1.1.2}{\376\377\000A\000N\000N\000O\000T\000\137\000H\000I\000G\000H\000L\000I\000G\000H\000T}{subsection.5.1.1}% 144
\BOOKMARK [3][-]{subsubsection.5.1.1.3}{\376\377\000A\000N\000N\000O\000T\000\137\000S\000Q\000U\000A\000R\000E}{subsection.5.1.1}% 145
\BOOKMARK [1][-]{section.5.2}{\376\377\000A\000n\000n\000o\000t\000a\000t\000e\000P\000D\000F\000/\000A\000P\000D\000F\000A\000n\000n\000o\000t\000a\000t\000i\000o\000n\000.\000m\000\040\000F\000i\000l\000e\000\040\000R\000e\000f\000e\000r\000e\000n\000c\000e}{chapter.5}% 146
\BOOKMARK [1][-]{section.5.3}{\376\377\000A\000n\000n\000o\000t\000a\000t\000e\000P\000D\000F\000/\000A\000P\000D\000F\000A\000n\000n\000o\000t\000a\000t\000i\000o\000n\000s\000V\000C\000.\000h\000\040\000F\000i\000l\000e\000\040\000R\000e\000f\000e\000r\000e\000n\000c\000e}{chapter.5}% 147
\BOOKMARK [1][-]{section.5.4}{\376\377\000A\000n\000n\000o\000t\000a\000t\000e\000P\000D\000F\000/\000A\000P\000D\000F\000A\000n\000n\000o\000t\000a\000t\000i\000o\000n\000s\000V\000C\000.\000m\000\040\000F\000i\000l\000e\000\040\000R\000e\000f\000e\000r\000e\000n\000c\000e}{chapter.5}% 148
\BOOKMARK [1][-]{section.5.5}{\376\377\000A\000n\000n\000o\000t\000a\000t\000e\000P\000D\000F\000/\000A\000P\000D\000F\000A\000p\000p\000D\000e\000l\000e\000g\000a\000t\000e\000.\000h\000\040\000F\000i\000l\000e\000\040\000R\000e\000f\000e\000r\000e\000n\000c\000e}{chapter.5}% 149
\BOOKMARK [1][-]{section.5.6}{\376\377\000A\000n\000n\000o\000t\000a\000t\000e\000P\000D\000F\000/\000A\000P\000D\000F\000A\000p\000p\000D\000e\000l\000e\000g\000a\000t\000e\000.\000m\000\040\000F\000i\000l\000e\000\040\000R\000e\000f\000e\000r\000e\000n\000c\000e}{chapter.5}% 150
\BOOKMARK [1][-]{section.5.7}{\376\377\000A\000n\000n\000o\000t\000a\000t\000e\000P\000D\000F\000/\000A\000P\000D\000F\000D\000e\000t\000a\000i\000l\000V\000i\000e\000w\000C\000o\000n\000t\000r\000o\000l\000l\000e\000r\000.\000h\000\040\000F\000i\000l\000e\000\040\000R\000e\000f\000e\000r\000e\000n\000c\000e}{chapter.5}% 151
\BOOKMARK [1][-]{section.5.8}{\376\377\000A\000n\000n\000o\000t\000a\000t\000e\000P\000D\000F\000/\000A\000P\000D\000F\000D\000e\000t\000a\000i\000l\000V\000i\000e\000w\000C\000o\000n\000t\000r\000o\000l\000l\000e\000r\000.\000m\000m\000\040\000F\000i\000l\000e\000\040\000R\000e\000f\000e\000r\000e\000n\000c\000e}{chapter.5}% 152
\BOOKMARK [1][-]{section.5.9}{\376\377\000A\000n\000n\000o\000t\000a\000t\000e\000P\000D\000F\000/\000A\000P\000D\000F\000M\000a\000n\000a\000g\000e\000r\000.\000h\000\040\000F\000i\000l\000e\000\040\000R\000e\000f\000e\000r\000e\000n\000c\000e}{chapter.5}% 153
\BOOKMARK [1][-]{section.5.10}{\376\377\000A\000n\000n\000o\000t\000a\000t\000e\000P\000D\000F\000/\000A\000P\000D\000F\000M\000a\000n\000a\000g\000e\000r\000.\000m\000m\000\040\000F\000i\000l\000e\000\040\000R\000e\000f\000e\000r\000e\000n\000c\000e}{chapter.5}% 154
\BOOKMARK [1][-]{section.5.11}{\376\377\000A\000n\000n\000o\000t\000a\000t\000e\000P\000D\000F\000/\000A\000P\000D\000F\000M\000a\000s\000t\000e\000r\000V\000i\000e\000w\000C\000o\000n\000t\000r\000o\000l\000l\000e\000r\000.\000h\000\040\000F\000i\000l\000e\000\040\000R\000e\000f\000e\000r\000e\000n\000c\000e}{chapter.5}% 155
\BOOKMARK [1][-]{section.5.12}{\376\377\000A\000n\000n\000o\000t\000a\000t\000e\000P\000D\000F\000/\000A\000P\000D\000F\000M\000a\000s\000t\000e\000r\000V\000i\000e\000w\000C\000o\000n\000t\000r\000o\000l\000l\000e\000r\000.\000m\000\040\000F\000i\000l\000e\000\040\000R\000e\000f\000e\000r\000e\000n\000c\000e}{chapter.5}% 156
\BOOKMARK [1][-]{section.5.13}{\376\377\000A\000n\000n\000o\000t\000a\000t\000e\000P\000D\000F\000/\000A\000P\000D\000F\000N\000e\000w\000A\000n\000n\000o\000t\000a\000t\000i\000o\000n\000V\000C\000.\000h\000\040\000F\000i\000l\000e\000\040\000R\000e\000f\000e\000r\000e\000n\000c\000e}{chapter.5}% 157
\BOOKMARK [1][-]{section.5.14}{\376\377\000A\000n\000n\000o\000t\000a\000t\000e\000P\000D\000F\000/\000A\000P\000D\000F\000N\000e\000w\000A\000n\000n\000o\000t\000a\000t\000i\000o\000n\000V\000C\000.\000m\000\040\000F\000i\000l\000e\000\040\000R\000e\000f\000e\000r\000e\000n\000c\000e}{chapter.5}% 158
\BOOKMARK [2][-]{subsection.5.14.1}{\376\377\000M\000a\000c\000r\000o\000\040\000D\000e\000f\000i\000n\000i\000t\000i\000o\000n\000\040\000D\000o\000c\000u\000m\000e\000n\000t\000a\000t\000i\000o\000n}{section.5.14}% 159
\BOOKMARK [3][-]{subsubsection.5.14.1.1}{\376\377\000M\000A\000X\000\137\000B\000o\000r\000d\000e\000r\000W\000i\000d\000t\000h}{subsection.5.14.1}% 160
\BOOKMARK [3][-]{subsubsection.5.14.1.2}{\376\377\000M\000I\000N\000\137\000B\000o\000r\000d\000e\000r\000W\000i\000d\000t\000h}{subsection.5.14.1}% 161
\BOOKMARK [1][-]{section.5.15}{\376\377\000A\000n\000n\000o\000t\000a\000t\000e\000P\000D\000F\000/\000A\000P\000D\000F\000V\000i\000e\000w\000.\000h\000\040\000F\000i\000l\000e\000\040\000R\000e\000f\000e\000r\000e\000n\000c\000e}{chapter.5}% 162
\BOOKMARK [1][-]{section.5.16}{\376\377\000A\000n\000n\000o\000t\000a\000t\000e\000P\000D\000F\000/\000A\000P\000D\000F\000V\000i\000e\000w\000.\000m\000\040\000F\000i\000l\000e\000\040\000R\000e\000f\000e\000r\000e\000n\000c\000e}{chapter.5}% 163
\BOOKMARK [2][-]{subsection.5.16.1}{\376\377\000M\000a\000c\000r\000o\000\040\000D\000e\000f\000i\000n\000i\000t\000i\000o\000n\000\040\000D\000o\000c\000u\000m\000e\000n\000t\000a\000t\000i\000o\000n}{section.5.16}% 164
\BOOKMARK [3][-]{subsubsection.5.16.1.1}{\376\377\000T\000O\000U\000C\000H\000W\000I\000D\000T\000H}{subsection.5.16.1}% 165
\BOOKMARK [1][-]{section.5.17}{\376\377\000A\000n\000n\000o\000t\000a\000t\000e\000P\000D\000F\000/\000D\000o\000c\000W\000a\000t\000c\000h\000H\000e\000l\000p\000e\000r\000.\000h\000\040\000F\000i\000l\000e\000\040\000R\000e\000f\000e\000r\000e\000n\000c\000e}{chapter.5}% 166
\BOOKMARK [2][-]{subsection.5.17.1}{\376\377\000M\000a\000c\000r\000o\000\040\000D\000e\000f\000i\000n\000i\000t\000i\000o\000n\000\040\000D\000o\000c\000u\000m\000e\000n\000t\000a\000t\000i\000o\000n}{section.5.17}% 167
\BOOKMARK [3][-]{subsubsection.5.17.1.1}{\376\377\000k\000D\000o\000c\000u\000m\000e\000n\000t\000C\000h\000a\000n\000g\000e\000d}{subsection.5.17.1}% 168
\BOOKMARK [1][-]{section.5.18}{\376\377\000A\000n\000n\000o\000t\000a\000t\000e\000P\000D\000F\000/\000D\000o\000c\000W\000a\000t\000c\000h\000H\000e\000l\000p\000e\000r\000.\000m\000\040\000F\000i\000l\000e\000\040\000R\000e\000f\000e\000r\000e\000n\000c\000e}{chapter.5}% 169
\BOOKMARK [1][-]{section.5.19}{\376\377\000A\000n\000n\000o\000t\000a\000t\000e\000P\000D\000F\000/\000m\000a\000i\000n\000.\000m\000\040\000F\000i\000l\000e\000\040\000R\000e\000f\000e\000r\000e\000n\000c\000e}{chapter.5}% 170
\BOOKMARK [2][-]{subsection.5.19.1}{\376\377\000F\000u\000n\000c\000t\000i\000o\000n\000\040\000D\000o\000c\000u\000m\000e\000n\000t\000a\000t\000i\000o\000n}{section.5.19}% 171
\BOOKMARK [3][-]{subsubsection.5.19.1.1}{\376\377\000m\000a\000i\000n}{subsection.5.19.1}% 172
\BOOKMARK [1][-]{section.5.20}{\376\377\000A\000n\000n\000o\000t\000a\000t\000e\000P\000D\000F\000/\000P\000D\000F\000P\000a\000g\000e\000R\000e\000n\000d\000e\000r\000e\000r\000.\000h\000\040\000F\000i\000l\000e\000\040\000R\000e\000f\000e\000r\000e\000n\000c\000e}{chapter.5}% 173
\BOOKMARK [1][-]{section.5.21}{\376\377\000A\000n\000n\000o\000t\000a\000t\000e\000P\000D\000F\000/\000P\000D\000F\000P\000a\000g\000e\000R\000e\000n\000d\000e\000r\000e\000r\000.\000m\000m\000\040\000F\000i\000l\000e\000\040\000R\000e\000f\000e\000r\000e\000n\000c\000e}{chapter.5}% 174
\BOOKMARK [1][-]{section.5.22}{\376\377\000A\000n\000n\000o\000t\000a\000t\000e\000P\000D\000F\000/\000R\000e\000s\000i\000z\000a\000b\000l\000e\000T\000e\000x\000t\000V\000i\000e\000w\000.\000h\000\040\000F\000i\000l\000e\000\040\000R\000e\000f\000e\000r\000e\000n\000c\000e}{chapter.5}% 175
\BOOKMARK [1][-]{section.5.23}{\376\377\000A\000n\000n\000o\000t\000a\000t\000e\000P\000D\000F\000/\000R\000e\000s\000i\000z\000a\000b\000l\000e\000T\000e\000x\000t\000V\000i\000e\000w\000.\000m\000\040\000F\000i\000l\000e\000\040\000R\000e\000f\000e\000r\000e\000n\000c\000e}{chapter.5}% 176
\BOOKMARK [-1][-]{section.5.23}{\376\377\000I\000n\000d\000e\000x}{}% 177
